C:\Program Files (x86)\Microsoft Visual Studio\2019\Community\MSBuild\Microsoft\VC\v160\Microsoft.CppBuild.targets(491,5): warning MSB8028: The intermediate directory (Debug\) contains files shared from another project (Slimey Jump.vcxproj).  This can lead to incorrect clean and rebuild behavior.
  Font.cpp
C:\Users\Dimka\Desktop\Engine\Slimey-Jump-master\Slimey Jump\Font.cpp(72,24): warning C4838: conversion from 'FT_Pos' to 'GLuint' requires a narrowing conversion
  Game.cpp
C:\Users\Dimka\Desktop\Engine\Slimey-Jump-master\Slimey Jump\Game.cpp(9,40): warning C4244: 'argument': conversion from 'time_t' to 'unsigned int', possible loss of data
C:\Users\Dimka\Desktop\Engine\Slimey-Jump-master\Slimey Jump\Game.cpp(379,57): warning C4244: '+=': conversion from 'double' to 'T', possible loss of data
          with
          [
              T=float
          ]
C:\Users\Dimka\Desktop\Engine\Slimey-Jump-master\Slimey Jump\Game.cpp(382,57): warning C4244: '-=': conversion from 'double' to 'T', possible loss of data
          with
          [
              T=float
          ]
  Mesh.cpp
  Shader.cpp
  Shapes.cpp
  Texture.cpp
  main.cpp
  Generating Code...
  SOIL.lib(SOIL.obj) : MSIL .netmodule or module compiled with /GL found; restarting link with /LTCG; add /LTCG to the link command line to improve linker performance
LINK : warning LNK4075: ignoring '/INCREMENTAL' due to '/LTCG' specification
LINK : warning LNK4098: defaultlib 'MSVCRT' conflicts with use of other libs; use /NODEFAULTLIB:library
  Generating code
  Finished generating code
SOIL.lib(SOIL.obj) : warning LNK4099: PDB 'vc120.pdb' was not found with 'SOIL.lib(SOIL.obj)' or at 'C:\Users\Dimka\Desktop\Engine\Slimey-Jump-master\Debug\vc120.pdb'; linking object as if no debug info
SOIL.lib(stb_image_aug.obj) : warning LNK4099: PDB 'vc120.pdb' was not found with 'SOIL.lib(stb_image_aug.obj)' or at 'C:\Users\Dimka\Desktop\Engine\Slimey-Jump-master\Debug\vc120.pdb'; linking object as if no debug info
SOIL.lib(image_helper.obj) : warning LNK4099: PDB 'vc120.pdb' was not found with 'SOIL.lib(image_helper.obj)' or at 'C:\Users\Dimka\Desktop\Engine\Slimey-Jump-master\Debug\vc120.pdb'; linking object as if no debug info
SOIL.lib(image_DXT.obj) : warning LNK4099: PDB 'vc120.pdb' was not found with 'SOIL.lib(image_DXT.obj)' or at 'C:\Users\Dimka\Desktop\Engine\Slimey-Jump-master\Debug\vc120.pdb'; linking object as if no debug info
  Slimey Jump.vcxproj -> C:\Users\Dimka\Desktop\Engine\Slimey-Jump-master\Debug\OpenGl-Doodle-Jump.exe
